<?xml version="1.0" encoding="UTF-8"?>
<!-- Generated by org.testng.reporters.JUnitReportReporter -->
<testsuite hostname="LaptopKCDJSchool" name="test.html.java.JsInteractionTest" tests="1" failures="0" timestamp="14 Mar 2017 21:06:21 GMT" time="1.035" errors="0">
  <testcase name="testCallbackFromJavaScript" time="1.035" classname="test.html.java.JsInteractionTest"/>
</testsuite> <!-- test.html.java.JsInteractionTest -->
