<?xml version="1.0" encoding="UTF-8"?>
<!-- Generated by org.testng.reporters.JUnitReportReporter -->
<testsuite hostname="LaptopKCDJSchool" name="test.html.java.DataModelTest" tests="1" failures="0" timestamp="14 Mar 2017 20:38:46 GMT" time="0.035" errors="0">
  <testcase name="areHelloWorldTwoWords" time="0.035" classname="test.html.java.DataModelTest"/>
</testsuite> <!-- test.html.java.DataModelTest -->
